{
    "level": "info",
    "message": "HTTP REST API Server is now running at http://localhost:9000"
}
{
    "level": "info",
    "message": "HTTP REST API Server is now running at http://localhost:9000"
}
{
    "level": "error",
    "message": "Error during datasource initialization connect ECONNREFUSED 127.0.0.1:27017",
    "reason": {
        "commonWireVersion": 0,
        "compatible": true,
        "heartbeatFrequencyMS": 10000,
        "localThresholdMS": 15,
        "logicalSessionTimeoutMinutes": null,
        "maxElectionId": null,
        "maxSetVersion": null,
        "servers": {},
        "setName": null,
        "stale": false,
        "type": "Unknown"
    },
    "stack": "MongoServerSelectionError: connect ECONNREFUSED 127.0.0.1:27017\n    at Timeout._onTimeout (D:\\programacion\\PROYECTOS_POST_BOOTCAMP\\Typescript\\Udemy_REST_Api\\node_modules\\mongodb\\lib\\sdam\\topology.js:277:38)\n    at listOnTimeout (node:internal/timers:564:17)\n    at process.processTimers (node:internal/timers:507:7)"
}
{
    "level": "info",
    "message": "Connect to DB: typescript-bootcamp"
}
{
    "level": "info",
    "message": "HTTP REST API Server is now running at http://localhost:9000"
}
{
    "level": "info",
    "message": "Connect to DB: typescript-bootcamp"
}
{
    "level": "info",
    "message": "HTTP REST API Server is now running at http://localhost:9000"
}
{
    "level": "info",
    "message": "Connect to DB: typescript-bootcamp"
}
{
    "level": "info",
    "message": "HTTP REST API Server is now running at http://localhost:9000"
}
{
    "level": "info",
    "message": "Connect to DB: typescript-bootcamp"
}
{
    "level": "info",
    "message": "HTTP REST API Server is now running at http://localhost:9000"
}
{
    "level": "info",
    "message": "Connect to DB: typescript-bootcamp"
}
{
    "level": "info",
    "message": "HTTP REST API Server is now running at http://localhost:9000"
}
{
    "level": "info",
    "message": "Connected to DB: typescript-bootcamp"
}
